#
# There is insufficient memory for the Java Runtime Environment to continue.
# Native memory allocation (mmap) failed to map 123731968 bytes for G1 virtual space
# Possible reasons:
#   The system is out of physical RAM or swap space
#   The process is running with CompressedOops enabled, and the Java Heap may be blocking the growth of the native heap
# Possible solutions:
#   Reduce memory load on the system
#   Increase physical memory or swap space
#   Check if swap backing store is full
#   Decrease Java heap size (-Xmx/-Xms)
#   Decrease number of Java threads
#   Decrease Java thread stack sizes (-Xss)
#   Set larger code cache with -XX:ReservedCodeCacheSize=
#   JVM is running with Unscaled Compressed Oops mode in which the Java heap is
#     placed in the first 4GB address space. The Java Heap base address is the
#     maximum limit for the native heap growth. Please use -XX:HeapBaseMinAddress
#     to set the Java Heap base and to place the Java Heap above 4GB virtual address.
# This output file may be truncated or incomplete.
#
#  Out of Memory Error (os_windows.cpp:3603), pid=26540, tid=17748
#
# JRE version: Java(TM) SE Runtime Environment (21.0.9+7) (build 21.0.9+7-LTS-338)
# Java VM: Java HotSpot(TM) 64-Bit Server VM (21.0.9+7-LTS-338, mixed mode, emulated-client, sharing, tiered, compressed oops, compressed class ptrs, g1 gc, windows-amd64)
# No core dump will be written. Minidumps are not enabled by default on client versions of Windows
#

---------------  S U M M A R Y ------------

Command Line: -XX:TieredStopAtLevel=1 com.grocerase.GrocerEaseApplication

Host: AMD Ryzen 5 5600H with Radeon Graphics         , 12 cores, 7G,  Windows 11 , 64 bit Build 26100 (10.0.26100.7309)
Time: Sun Jan 25 11:43:17 2026 India Standard Time elapsed time: 5.588712 seconds (0d 0h 0m 5s)

---------------  T H R E A D  ---------------

Current thread (0x000001dbfd7afd60):  VMThread "VM Thread"          [id=17748, stack(0x000000c24f900000,0x000000c24fa00000) (1024K)]

Stack: [0x000000c24f900000,0x000000c24fa00000]
Native frames: (J=compiled Java code, j=interpreted, Vv=VM code, C=native code)
V  [jvm.dll+0x6cbf89]
V  [jvm.dll+0x858421]
V  [jvm.dll+0x85a94e]
V  [jvm.dll+0x85b023]
V  [jvm.dll+0x27ebc6]
V  [jvm.dll+0x6c8705]
V  [jvm.dll+0x6bd26a]
V  [jvm.dll+0x354a0a]
V  [jvm.dll+0x35c686]
V  [jvm.dll+0x3af79e]
V  [jvm.dll+0x3afa48]
V  [jvm.dll+0x328d1c]
V  [jvm.dll+0x328da7]
V  [jvm.dll+0x36d6cc]
V  [jvm.dll+0x36bf1e]
V  [jvm.dll+0x3284e1]
V  [jvm.dll+0x36b63a]
V  [jvm.dll+0x860df0]
V  [jvm.dll+0x862174]
V  [jvm.dll+0x8626b0]
V  [jvm.dll+0x862953]
V  [jvm.dll+0x80265b]
V  [jvm.dll+0x6ca66d]
C  [ucrtbase.dll+0x37b0]
C  [KERNEL32.DLL+0x2e8d7]
C  [ntdll.dll+0x8c53c]

VM_Operation (0x000000c2504fd5f0): G1CollectForAllocation, mode: safepoint, requested by thread 0x000001dbfd7d28e0


---------------  P R O C E S S  ---------------

Threads class SMR info:
_java_thread_list=0x000001dbfe279b30, length=12, elements={
0x000001dbec6c1870, 0x000001dbfd7c71c0, 0x000001dbfd7c7c20, 0x000001dbfd7d3420,
0x000001dbfd7d0ea0, 0x000001dbfd7cf460, 0x000001dbfd7cfaf0, 0x000001dbfd7f12b0,
0x000001dbfda0fec0, 0x000001dbfd7d1bc0, 0x000001dbfd7d2250, 0x000001dbfd7d28e0
}

Java Threads: ( => current thread )
  0x000001dbec6c1870 JavaThread "main"                              [_thread_blocked, id=20912, stack(0x000000c24f200000,0x000000c24f300000) (1024K)]
  0x000001dbfd7c71c0 JavaThread "Reference Handler"          daemon [_thread_blocked, id=18440, stack(0x000000c24fa00000,0x000000c24fb00000) (1024K)]
  0x000001dbfd7c7c20 JavaThread "Finalizer"                  daemon [_thread_blocked, id=25780, stack(0x000000c24fb00000,0x000000c24fc00000) (1024K)]
  0x000001dbfd7d3420 JavaThread "Signal Dispatcher"          daemon [_thread_blocked, id=19468, stack(0x000000c24fc00000,0x000000c24fd00000) (1024K)]
  0x000001dbfd7d0ea0 JavaThread "Attach Listener"            daemon [_thread_blocked, id=27388, stack(0x000000c24fd00000,0x000000c24fe00000) (1024K)]
  0x000001dbfd7cf460 JavaThread "Service Thread"             daemon [_thread_blocked, id=6380, stack(0x000000c24fe00000,0x000000c24ff00000) (1024K)]
  0x000001dbfd7cfaf0 JavaThread "Monitor Deflation Thread"   daemon [_thread_blocked, id=11392, stack(0x000000c24ff00000,0x000000c250000000) (1024K)]
  0x000001dbfd7f12b0 JavaThread "C1 CompilerThread0"         daemon [_thread_blocked, id=26944, stack(0x000000c250000000,0x000000c250100000) (1024K)]
  0x000001dbfda0fec0 JavaThread "C1 CompilerThread1"         daemon [_thread_blocked, id=5364, stack(0x000000c250100000,0x000000c250200000) (1024K)]
  0x000001dbfd7d1bc0 JavaThread "Notification Thread"        daemon [_thread_blocked, id=6632, stack(0x000000c250200000,0x000000c250300000) (1024K)]
  0x000001dbfd7d2250 JavaThread "Common-Cleaner"             daemon [_thread_blocked, id=20380, stack(0x000000c250300000,0x000000c250400000) (1024K)]
  0x000001dbfd7d28e0 JavaThread "background-preinit"                [_thread_blocked, id=24612, stack(0x000000c250400000,0x000000c250500000) (1024K)]
Total: 12

Other Threads:
=>0x000001dbfd7afd60 VMThread "VM Thread"                           [id=17748, stack(0x000000c24f900000,0x000000c24fa00000) (1024K)]
  0x000001dbfd79bf90 WatcherThread "VM Periodic Task Thread"        [id=18276, stack(0x000000c24f800000,0x000000c24f900000) (1024K)]
  0x000001dbec70f640 WorkerThread "GC Thread#0"                     [id=25936, stack(0x000000c24f300000,0x000000c24f400000) (1024K)]
  0x000001dbfe1d6e30 WorkerThread "GC Thread#1"                     [id=4636, stack(0x000000c250500000,0x000000c250600000) (1024K)]
  0x000001dbfe239f10 WorkerThread "GC Thread#2"                     [id=27160, stack(0x000000c250600000,0x000000c250700000) (1024K)]
  0x000001dbfe23a6d0 WorkerThread "GC Thread#3"                     [id=19256, stack(0x000000c250700000,0x000000c250800000) (1024K)]
  0x000001dbfe23ea90 WorkerThread "GC Thread#4"                     [id=8212, stack(0x000000c250800000,0x000000c250900000) (1024K)]
  0x000001dbfe23ee40 WorkerThread "GC Thread#5"                     [id=26412, stack(0x000000c250900000,0x000000c250a00000) (1024K)]
  0x000001dbfe297930 WorkerThread "GC Thread#6"                     [id=12312, stack(0x000000c250a00000,0x000000c250b00000) (1024K)]
  0x000001dbfe3f65a0 WorkerThread "GC Thread#7"                     [id=22628, stack(0x000000c250b00000,0x000000c250c00000) (1024K)]
  0x000001dbec71f130 ConcurrentGCThread "G1 Main Marker"            [id=4320, stack(0x000000c24f400000,0x000000c24f500000) (1024K)]
  0x000001dbec71fc40 WorkerThread "G1 Conc#0"                       [id=23728, stack(0x000000c24f500000,0x000000c24f600000) (1024K)]
  0x000001dbfd66c5b0 ConcurrentGCThread "G1 Refine#0"               [id=1916, stack(0x000000c24f600000,0x000000c24f700000) (1024K)]
  0x000001dbfd66ec50 ConcurrentGCThread "G1 Service"                [id=26288, stack(0x000000c24f700000,0x000000c24f800000) (1024K)]
Total: 14

Threads with active compile tasks:
Total: 0

VM state: at safepoint (normal execution)

VM Mutex/Monitor currently owned by a thread:  ([mutex/lock_event])
[0x00007ffad3990df0] Threads_lock - owner thread: 0x000001dbfd7afd60
[0x00007ffad3990ef0] Heap_lock - owner thread: 0x000001dbfd7d28e0

Heap address: 0x000000008a800000, size: 1880 MB, Compressed Oops mode: 32-bit

CDS archive(s) mapped at: [0x000001db80000000-0x000001db80c90000-0x000001db80c90000), size 13172736, SharedBaseAddress: 0x000001db80000000, ArchiveRelocationMode: 1.
Compressed class space mapped at: 0x000001db81000000-0x000001dbc1000000, reserved size: 1073741824
Narrow klass base: 0x000001db80000000, Narrow klass shift: 0, Narrow klass range: 0x100000000

GC Precious Log:
 CardTable entry size: 512
 Card Set container configuration: InlinePtr #cards 5 size 8 Array Of Cards #cards 12 size 40 Howl #buckets 4 coarsen threshold 1843 Howl Bitmap #cards 512 size 80 coarsen threshold 460 Card regions per heap region 1 cards per card region 2048
 CPUs: 12 total, 12 available
 Memory: 7518M
 Large Page Support: Disabled
 NUMA Support: Disabled
 Compressed Oops: Enabled (32-bit)
 Heap Region Size: 1M
 Heap Min Capacity: 8M
 Heap Initial Capacity: 118M
 Heap Max Capacity: 1880M
 Pre-touch: Disabled
 Parallel Workers: 10
 Concurrent Workers: 3
 Concurrent Refinement Workers: 10
 Periodic GC: Disabled

Heap:
 garbage-first heap   total 120832K, used 7694K [0x000000008a800000, 0x0000000100000000)
  region size 1024K, 1 young (1024K), 1 survivors (1024K)
 Metaspace       used 9239K, committed 9472K, reserved 1114112K
  class space    used 1266K, committed 1344K, reserved 1048576K

Heap Regions: E=young(eden), S=young(survivor), O=old, HS=humongous(starts), HC=humongous(continues), CS=collection set, F=free, TAMS=top-at-mark-start, PB=parsable bottom
|   0|0x000000008a800000, 0x000000008a900000, 0x000000008a900000|100%|HS|  |TAMS 0x000000008a800000| PB 0x000000008a800000| Complete 
|   1|0x000000008a900000, 0x000000008aa00000, 0x000000008aa00000|100%| O|  |TAMS 0x000000008a900000| PB 0x000000008a900000| Untracked 
|   2|0x000000008aa00000, 0x000000008ab00000, 0x000000008ab00000|100%| O|  |TAMS 0x000000008aa00000| PB 0x000000008aa00000| Untracked 
|   3|0x000000008ab00000, 0x000000008ac00000, 0x000000008ac00000|100%| O|  |TAMS 0x000000008ab00000| PB 0x000000008ab00000| Untracked 
|   4|0x000000008ac00000, 0x000000008ad00000, 0x000000008ad00000|100%| O|  |TAMS 0x000000008ac00000| PB 0x000000008ac00000| Untracked 
|   5|0x000000008ad00000, 0x000000008ae00000, 0x000000008ae00000|100%| O|  |TAMS 0x000000008ad00000| PB 0x000000008ad00000| Untracked 
|   6|0x000000008ae00000, 0x000000008aeffad0, 0x000000008af00000| 99%| O|  |TAMS 0x000000008ae00000| PB 0x000000008ae00000| Untracked 
|   7|0x000000008af00000, 0x000000008af00000, 0x000000008b000000|  0%| F|  |TAMS 0x000000008af00000| PB 0x000000008af00000| Untracked 
|   8|0x000000008b000000, 0x000000008b000000, 0x000000008b100000|  0%| F|  |TAMS 0x000000008b000000| PB 0x000000008b000000| Untracked 
|   9|0x000000008b100000, 0x000000008b100000, 0x000000008b200000|  0%| F|  |TAMS 0x000000008b100000| PB 0x000000008b100000| Untracked 
|  10|0x000000008b200000, 0x000000008b200000, 0x000000008b300000|  0%| F|  |TAMS 0x000000008b200000| PB 0x000000008b200000| Untracked 
|  11|0x000000008b300000, 0x000000008b300000, 0x000000008b400000|  0%| F|  |TAMS 0x000000008b300000| PB 0x000000008b300000| Untracked 
|  12|0x000000008b400000, 0x000000008b400000, 0x000000008b500000|  0%| F|  |TAMS 0x000000008b400000| PB 0x000000008b400000| Untracked 
|  13|0x000000008b500000, 0x000000008b500000, 0x000000008b600000|  0%| F|  |TAMS 0x000000008b500000| PB 0x000000008b500000| Untracked 
|  14|0x000000008b600000, 0x000000008b600000, 0x000000008b700000|  0%| F|  |TAMS 0x000000008b600000| PB 0x000000008b600000| Untracked 
|  15|0x000000008b700000, 0x000000008b700000, 0x000000008b800000|  0%| F|  |TAMS 0x000000008b700000| PB 0x000000008b700000| Untracked 
|  16|0x000000008b800000, 0x000000008b800000, 0x000000008b900000|  0%| F|  |TAMS 0x000000008b800000| PB 0x000000008b800000| Untracked 
|  17|0x000000008b900000, 0x000000008b900000, 0x000000008ba00000|  0%| F|  |TAMS 0x000000008b900000| PB 0x000000008b900000| Untracked 
|  18|0x000000008ba00000, 0x000000008ba00000, 0x000000008bb00000|  0%| F|  |TAMS 0x000000008ba00000| PB 0x000000008ba00000| Untracked 
|  19|0x000000008bb00000, 0x000000008bb00000, 0x000000008bc00000|  0%| F|  |TAMS 0x000000008bb00000| PB 0x000000008bb00000| Untracked 
|  20|0x000000008bc00000, 0x000000008bc00000, 0x000000008bd00000|  0%| F|  |TAMS 0x000000008bc00000| PB 0x000000008bc00000| Untracked 
|  21|0x000000008bd00000, 0x000000008bd00000, 0x000000008be00000|  0%| F|  |TAMS 0x000000008bd00000| PB 0x000000008bd00000| Untracked 
|  22|0x000000008be00000, 0x000000008be00000, 0x000000008bf00000|  0%| F|  |TAMS 0x000000008be00000| PB 0x000000008be00000| Untracked 
|  23|0x000000008bf00000, 0x000000008bf00000, 0x000000008c000000|  0%| F|  |TAMS 0x000000008bf00000| PB 0x000000008bf00000| Untracked 
|  24|0x000000008c000000, 0x000000008c000000, 0x000000008c100000|  0%| F|  |TAMS 0x000000008c000000| PB 0x000000008c000000| Untracked 
|  25|0x000000008c100000, 0x000000008c100000, 0x000000008c200000|  0%| F|  |TAMS 0x000000008c100000| PB 0x000000008c100000| Untracked 
|  26|0x000000008c200000, 0x000000008c200000, 0x000000008c300000|  0%| F|  |TAMS 0x000000008c200000| PB 0x000000008c200000| Untracked 
|  27|0x000000008c300000, 0x000000008c300000, 0x000000008c400000|  0%| F|  |TAMS 0x000000008c300000| PB 0x000000008c300000| Untracked 
|  28|0x000000008c400000, 0x000000008c400000, 0x000000008c500000|  0%| F|  |TAMS 0x000000008c400000| PB 0x000000008c400000| Untracked 
|  29|0x000000008c500000, 0x000000008c500000, 0x000000008c600000|  0%| F|  |TAMS 0x000000008c500000| PB 0x000000008c500000| Untracked 
|  30|0x000000008c600000, 0x000000008c600000, 0x000000008c700000|  0%| F|  |TAMS 0x000000008c600000| PB 0x000000008c600000| Untracked 
|  31|0x000000008c700000, 0x000000008c700000, 0x000000008c800000|  0%| F|  |TAMS 0x000000008c700000| PB 0x000000008c700000| Untracked 
|  32|0x000000008c800000, 0x000000008c800000, 0x000000008c900000|  0%| F|  |TAMS 0x000000008c800000| PB 0x000000008c800000| Untracked 
|  33|0x000000008c900000, 0x000000008c900000, 0x000000008ca00000|  0%| F|  |TAMS 0x000000008c900000| PB 0x000000008c900000| Untracked 
|  34|0x000000008ca00000, 0x000000008ca00000, 0x000000008cb00000|  0%| F|  |TAMS 0x000000008ca00000| PB 0x000000008ca00000| Untracked 
|  35|0x000000008cb00000, 0x000000008cb00000, 0x000000008cc00000|  0%| F|  |TAMS 0x000000008cb00000| PB 0x000000008cb00000| Untracked 
|  36|0x000000008cc00000, 0x000000008cc00000, 0x000000008cd00000|  0%| F|  |TAMS 0x000000008cc00000| PB 0x000000008cc00000| Untracked 
|  37|0x000000008cd00000, 0x000000008cd00000, 0x000000008ce00000|  0%| F|  |TAMS 0x000000008cd00000| PB 0x000000008cd00000| Untracked 
|  38|0x000000008ce00000, 0x000000008ce00000, 0x000000008cf00000|  0%| F|  |TAMS 0x000000008ce00000| PB 0x000000008ce00000| Untracked 
|  39|0x000000008cf00000, 0x000000008cf00000, 0x000000008d000000|  0%| F|  |TAMS 0x000000008cf00000| PB 0x000000008cf00000| Untracked 
|  40|0x000000008d000000, 0x000000008d000000, 0x000000008d100000|  0%| F|  |TAMS 0x000000008d000000| PB 0x000000008d000000| Untracked 
|  41|0x000000008d100000, 0x000000008d100000, 0x000000008d200000|  0%| F|  |TAMS 0x000000008d100000| PB 0x000000008d100000| Untracked 
|  42|0x000000008d200000, 0x000000008d200000, 0x000000008d300000|  0%| F|  |TAMS 0x000000008d200000| PB 0x000000008d200000| Untracked 
|  43|0x000000008d300000, 0x000000008d300000, 0x000000008d400000|  0%| F|  |TAMS 0x000000008d300000| PB 0x000000008d300000| Untracked 
|  44|0x000000008d400000, 0x000000008d400000, 0x000000008d500000|  0%| F|  |TAMS 0x000000008d400000| PB 0x000000008d400000| Untracked 
|  45|0x000000008d500000, 0x000000008d500000, 0x000000008d600000|  0%| F|  |TAMS 0x000000008d500000| PB 0x000000008d500000| Untracked 
|  46|0x000000008d600000, 0x000000008d600000, 0x000000008d700000|  0%| F|  |TAMS 0x000000008d600000| PB 0x000000008d600000| Untracked 
|  47|0x000000008d700000, 0x000000008d700000, 0x000000008d800000|  0%| F|  |TAMS 0x000000008d700000| PB 0x000000008d700000| Untracked 
|  48|0x000000008d800000, 0x000000008d800000, 0x000000008d900000|  0%| F|  |TAMS 0x000000008d800000| PB 0x000000008d800000| Untracked 
|  49|0x000000008d900000, 0x000000008d900000, 0x000000008da00000|  0%| F|  |TAMS 0x000000008d900000| PB 0x000000008d900000| Untracked 
|  50|0x000000008da00000, 0x000000008da00000, 0x000000008db00000|  0%| F|  |TAMS 0x000000008da00000| PB 0x000000008da00000| Untracked 
|  51|0x000000008db00000, 0x000000008db00000, 0x000000008dc00000|  0%| F|  |TAMS 0x000000008db00000| PB 0x000000008db00000| Untracked 
|  52|0x000000008dc00000, 0x000000008dc00000, 0x000000008dd00000|  0%| F|  |TAMS 0x000000008dc00000| PB 0x000000008dc00000| Untracked 
|  53|0x000000008dd00000, 0x000000008dd00000, 0x000000008de00000|  0%| F|  |TAMS 0x000000008dd00000| PB 0x000000008dd00000| Untracked 
|  54|0x000000008de00000, 0x000000008de00000, 0x000000008df00000|  0%| F|  |TAMS 0x000000008de00000| PB 0x000000008de00000| Untracked 
|  55|0x000000008df00000, 0x000000008df00000, 0x000000008e000000|  0%| F|  |TAMS 0x000000008df00000| PB 0x000000008df00000| Untracked 
|  56|0x000000008e000000, 0x000000008e000000, 0x000000008e100000|  0%| F|  |TAMS 0x000000008e000000| PB 0x000000008e000000| Untracked 
|  57|0x000000008e100000, 0x000000008e100000, 0x000000008e200000|  0%| F|  |TAMS 0x000000008e100000| PB 0x000000008e100000| Untracked 
|  58|0x000000008e200000, 0x000000008e200000, 0x000000008e300000|  0%| F|  |TAMS 0x000000008e200000| PB 0x000000008e200000| Untracked 
|  59|0x000000008e300000, 0x000000008e300000, 0x000000008e400000|  0%| F|  |TAMS 0x000000008e300000| PB 0x000000008e300000| Untracked 
|  60|0x000000008e400000, 0x000000008e400000, 0x000000008e500000|  0%| F|  |TAMS 0x000000008e400000| PB 0x000000008e400000| Untracked 
|  61|0x000000008e500000, 0x000000008e500000, 0x000000008e600000|  0%| F|  |TAMS 0x000000008e500000| PB 0x000000008e500000| Untracked 
|  62|0x000000008e600000, 0x000000008e600000, 0x000000008e700000|  0%| F|  |TAMS 0x000000008e600000| PB 0x000000008e600000| Untracked 
|  63|0x000000008e700000, 0x000000008e700000, 0x000000008e800000|  0%| F|  |TAMS 0x000000008e700000| PB 0x000000008e700000| Untracked 
|  64|0x000000008e800000, 0x000000008e800000, 0x000000008e900000|  0%| F|  |TAMS 0x000000008e800000| PB 0x000000008e800000| Untracked 
|  65|0x000000008e900000, 0x000000008e900000, 0x000000008ea00000|  0%| F|  |TAMS 0x000000008e900000| PB 0x000000008e900000| Untracked 
|  66|0x000000008ea00000, 0x000000008ea00000, 0x000000008eb00000|  0%| F|  |TAMS 0x000000008ea00000| PB 0x000000008ea00000| Untracked 
|  67|0x000000008eb00000, 0x000000008eb00000, 0x000000008ec00000|  0%| F|  |TAMS 0x000000008eb00000| PB 0x000000008eb00000| Untracked 
|  68|0x000000008ec00000, 0x000000008ec00000, 0x000000008ed00000|  0%| F|  |TAMS 0x000000008ec00000| PB 0x000000008ec00000| Untracked 
|  69|0x000000008ed00000, 0x000000008ed00000, 0x000000008ee00000|  0%| F|  |TAMS 0x000000008ed00000| PB 0x000000008ed00000| Untracked 
|  70|0x000000008ee00000, 0x000000008ee00000, 0x000000008ef00000|  0%| F|  |TAMS 0x000000008ee00000| PB 0x000000008ee00000| Untracked 
|  71|0x000000008ef00000, 0x000000008ef00000, 0x000000008f000000|  0%| F|  |TAMS 0x000000008ef00000| PB 0x000000008ef00000| Untracked 
|  72|0x000000008f000000, 0x000000008f000000, 0x000000008f100000|  0%| F|  |TAMS 0x000000008f000000| PB 0x000000008f000000| Untracked 
|  73|0x000000008f100000, 0x000000008f100000, 0x000000008f200000|  0%| F|  |TAMS 0x000000008f100000| PB 0x000000008f100000| Untracked 
|  74|0x000000008f200000, 0x000000008f200000, 0x000000008f300000|  0%| F|  |TAMS 0x000000008f200000| PB 0x000000008f200000| Untracked 
|  75|0x000000008f300000, 0x000000008f300000, 0x000000008f400000|  0%| F|  |TAMS 0x000000008f300000| PB 0x000000008f300000| Untracked 
|  76|0x000000008f400000, 0x000000008f400000, 0x000000008f500000|  0%| F|  |TAMS 0x000000008f400000| PB 0x000000008f400000| Untracked 
|  77|0x000000008f500000, 0x000000008f500000, 0x000000008f600000|  0%| F|  |TAMS 0x000000008f500000| PB 0x000000008f500000| Untracked 
|  78|0x000000008f600000, 0x000000008f600000, 0x000000008f700000|  0%| F|  |TAMS 0x000000008f600000| PB 0x000000008f600000| Untracked 
|  79|0x000000008f700000, 0x000000008f700000, 0x000000008f800000|  0%| F|  |TAMS 0x000000008f700000| PB 0x000000008f700000| Untracked 
|  80|0x000000008f800000, 0x000000008f800000, 0x000000008f900000|  0%| F|  |TAMS 0x000000008f800000| PB 0x000000008f800000| Untracked 
|  81|0x000000008f900000, 0x000000008f900000, 0x000000008fa00000|  0%| F|  |TAMS 0x000000008f900000| PB 0x000000008f900000| Untracked 
|  82|0x000000008fa00000, 0x000000008fa00000, 0x000000008fb00000|  0%| F|  |TAMS 0x000000008fa00000| PB 0x000000008fa00000| Untracked 
|  83|0x000000008fb00000, 0x000000008fb00000, 0x000000008fc00000|  0%| F|  |TAMS 0x000000008fb00000| PB 0x000000008fb00000| Untracked 
|  84|0x000000008fc00000, 0x000000008fc00000, 0x000000008fd00000|  0%| F|  |TAMS 0x000000008fc00000| PB 0x000000008fc00000| Untracked 
|  85|0x000000008fd00000, 0x000000008fd00000, 0x000000008fe00000|  0%| F|  |TAMS 0x000000008fd00000| PB 0x000000008fd00000| Untracked 
|  86|0x000000008fe00000, 0x000000008fe00000, 0x000000008ff00000|  0%| F|  |TAMS 0x000000008fe00000| PB 0x000000008fe00000| Untracked 
|  87|0x000000008ff00000, 0x000000008ff00000, 0x0000000090000000|  0%| F|  |TAMS 0x000000008ff00000| PB 0x000000008ff00000| Untracked 
|  88|0x0000000090000000, 0x0000000090000000, 0x0000000090100000|  0%| F|  |TAMS 0x0000000090000000| PB 0x0000000090000000| Untracked 
|  89|0x0000000090100000, 0x0000000090100000, 0x0000000090200000|  0%| F|  |TAMS 0x0000000090100000| PB 0x0000000090100000| Untracked 
|  90|0x0000000090200000, 0x0000000090200000, 0x0000000090300000|  0%| F|  |TAMS 0x0000000090200000| PB 0x0000000090200000| Untracked 
|  91|0x0000000090300000, 0x0000000090300000, 0x0000000090400000|  0%| F|  |TAMS 0x0000000090300000| PB 0x0000000090300000| Untracked 
|  92|0x0000000090400000, 0x0000000090400000, 0x0000000090500000|  0%| F|  |TAMS 0x0000000090400000| PB 0x0000000090400000| Untracked 
|  93|0x0000000090500000, 0x0000000090500000, 0x0000000090600000|  0%| F|  |TAMS 0x0000000090500000| PB 0x0000000090500000| Untracked 
|  94|0x0000000090600000, 0x0000000090600000, 0x0000000090700000|  0%| F|  |TAMS 0x0000000090600000| PB 0x0000000090600000| Untracked 
|  95|0x0000000090700000, 0x0000000090700000, 0x0000000090800000|  0%| F|  |TAMS 0x0000000090700000| PB 0x0000000090700000| Untracked 
|  96|0x0000000090800000, 0x0000000090800000, 0x0000000090900000|  0%| F|  |TAMS 0x0000000090800000| PB 0x0000000090800000| Untracked 
|  97|0x0000000090900000, 0x0000000090900000, 0x0000000090a00000|  0%| F|  |TAMS 0x0000000090900000| PB 0x0000000090900000| Untracked 
|  98|0x0000000090a00000, 0x0000000090a00000, 0x0000000090b00000|  0%| F|  |TAMS 0x0000000090a00000| PB 0x0000000090a00000| Untracked 
|  99|0x0000000090b00000, 0x0000000090b00000, 0x0000000090c00000|  0%| F|  |TAMS 0x0000000090b00000| PB 0x0000000090b00000| Untracked 
| 100|0x0000000090c00000, 0x0000000090c00000, 0x0000000090d00000|  0%| F|  |TAMS 0x0000000090c00000| PB 0x0000000090c00000| Untracked 
| 101|0x0000000090d00000, 0x0000000090d00000, 0x0000000090e00000|  0%| F|  |TAMS 0x0000000090d00000| PB 0x0000000090d00000| Untracked 
| 102|0x0000000090e00000, 0x0000000090e00000, 0x0000000090f00000|  0%| F|  |TAMS 0x0000000090e00000| PB 0x0000000090e00000| Untracked 
| 103|0x0000000090f00000, 0x0000000090f00000, 0x0000000091000000|  0%| F|  |TAMS 0x0000000090f00000| PB 0x0000000090f00000| Untracked 
| 104|0x0000000091000000, 0x0000000091000000, 0x0000000091100000|  0%| F|  |TAMS 0x0000000091000000| PB 0x0000000091000000| Untracked 
| 105|0x0000000091100000, 0x0000000091100000, 0x0000000091200000|  0%| F|  |TAMS 0x0000000091100000| PB 0x0000000091100000| Untracked 
| 106|0x0000000091200000, 0x0000000091200000, 0x0000000091300000|  0%| F|  |TAMS 0x0000000091200000| PB 0x0000000091200000| Untracked 
| 107|0x0000000091300000, 0x0000000091300000, 0x0000000091400000|  0%| F|  |TAMS 0x0000000091300000| PB 0x0000000091300000| Untracked 
| 108|0x0000000091400000, 0x0000000091400000, 0x0000000091500000|  0%| F|  |TAMS 0x0000000091400000| PB 0x0000000091400000| Untracked 
| 109|0x0000000091500000, 0x0000000091500000, 0x0000000091600000|  0%| F|  |TAMS 0x0000000091500000| PB 0x0000000091500000| Untracked 
| 110|0x0000000091600000, 0x0000000091600000, 0x0000000091700000|  0%| F|  |TAMS 0x0000000091600000| PB 0x0000000091600000| Untracked 
| 111|0x0000000091700000, 0x0000000091700000, 0x0000000091800000|  0%| F|  |TAMS 0x0000000091700000| PB 0x0000000091700000| Untracked 
| 112|0x0000000091800000, 0x0000000091883f50, 0x0000000091900000| 51%| S|CS|TAMS 0x0000000091800000| PB 0x0000000091800000| Complete 
| 113|0x0000000091900000, 0x0000000091900000, 0x0000000091a00000|  0%| F|  |TAMS 0x0000000091900000| PB 0x0000000091900000| Untracked 
| 114|0x0000000091a00000, 0x0000000091a00000, 0x0000000091b00000|  0%| F|  |TAMS 0x0000000091a00000| PB 0x0000000091a00000| Untracked 
| 115|0x0000000091b00000, 0x0000000091b00000, 0x0000000091c00000|  0%| F|  |TAMS 0x0000000091b00000| PB 0x0000000091b00000| Untracked 
| 116|0x0000000091c00000, 0x0000000091c00000, 0x0000000091d00000|  0%| F|  |TAMS 0x0000000091c00000| PB 0x0000000091c00000| Untracked 
| 117|0x0000000091d00000, 0x0000000091d00000, 0x0000000091e00000|  0%| F|  |TAMS 0x0000000091d00000| PB 0x0000000091d00000| Untracked 

Card table byte_map: [0x000001dbf89e0000,0x000001dbf8d90000] _byte_map_base: 0x000001dbf858c000

Marking Bits: (CMBitMap*) 0x000001dbec70fd50
 Bits: [0x000001dbf8d90000, 0x000001dbfaaf0000)

Polling page: 0x000001dbeadb0000

Metaspace:

Usage:
  Non-class:      7.79 MB used.
      Class:      1.24 MB used.
       Both:      9.02 MB used.

Virtual space:
  Non-class space:       64.00 MB reserved,       7.94 MB ( 12%) committed,  1 nodes.
      Class space:        1.00 GB reserved,       1.31 MB ( <1%) committed,  1 nodes.
             Both:        1.06 GB reserved,       9.25 MB ( <1%) committed. 

Chunk freelists:
   Non-Class:  6.39 MB
       Class:  14.62 MB
        Both:  21.02 MB

MaxMetaspaceSize: unlimited
CompressedClassSpaceSize: 1.00 GB
Initial GC threshold: 21.00 MB
Current GC threshold: 21.00 MB
CDS: on
 - commit_granule_bytes: 65536.
 - commit_granule_words: 8192.
 - virtual_space_node_default_size: 8388608.
 - enlarge_chunks_in_place: 1.
 - use_allocation_guard: 0.


Internal statistics:

num_allocs_failed_limit: 0.
num_arena_births: 240.
num_arena_deaths: 0.
num_vsnodes_births: 2.
num_vsnodes_deaths: 0.
num_space_committed: 148.
num_space_uncommitted: 0.
num_chunks_returned_to_freelist: 0.
num_chunks_taken_from_freelist: 616.
num_chunk_merges: 0.
num_chunk_splits: 362.
num_chunks_enlarged: 221.
num_inconsistent_stats: 0.

CodeCache: size=49152Kb used=4174Kb max_used=4174Kb free=44977Kb
 bounds [0x000001dbf4b90000, 0x000001dbf4fb0000, 0x000001dbf7b90000]
 total_blobs=2055 nmethods=1589 adapters=389
 compilation: enabled
              stopped_count=0, restarted_count=0
 full_count=0

Compilation events (20 events):
Event: 4.493 Thread 0x000001dbfda0fec0 nmethod 1582 0x000001dbf4efc890 code [0x000001dbf4efca20, 0x000001dbf4efcae8]
Event: 4.493 Thread 0x000001dbfda0fec0 1583       1       java.lang.invoke.Invokers::callSiteForm (297 bytes)
Event: 4.495 Thread 0x000001dbfda0fec0 nmethod 1583 0x000001dbf4efaf90 code [0x000001dbf4efb260, 0x000001dbf4efbf98]
Event: 4.495 Thread 0x000001dbfda0fec0 1584       1       sun.reflect.generics.reflectiveObjects.ParameterizedTypeImpl::getActualTypeArguments (11 bytes)
Event: 4.495 Thread 0x000001dbfda0fec0 nmethod 1584 0x000001dbf4efac10 code [0x000001dbf4efadc0, 0x000001dbf4efaf10]
Event: 4.495 Thread 0x000001dbfda0fec0 1585       1       org.springframework.util.ConcurrentReferenceHashMap$SoftEntryReference::getHash (5 bytes)
Event: 4.495 Thread 0x000001dbfda0fec0 nmethod 1585 0x000001dbf4efa910 code [0x000001dbf4efaaa0, 0x000001dbf4efab68]
Event: 4.496 Thread 0x000001dbfd7f12b0 nmethod 1578 0x000001dbf4fa0a10 code [0x000001dbf4fa0fa0, 0x000001dbf4fa32e8]
Event: 4.501 Thread 0x000001dbfd7f12b0 1586       1       java.util.LinkedHashMap$LinkedKeyIterator::next (8 bytes)
Event: 4.501 Thread 0x000001dbfd7f12b0 nmethod 1586 0x000001dbf4efa590 code [0x000001dbf4efa740, 0x000001dbf4efa828]
Event: 4.504 Thread 0x000001dbfd7f12b0 1587       1       java.lang.invoke.LambdaFormEditor$TransformKey::packedBytes (30 bytes)
Event: 4.504 Thread 0x000001dbfd7f12b0 nmethod 1587 0x000001dbf4efa290 code [0x000001dbf4efa420, 0x000001dbf4efa4d0]
Event: 4.519 Thread 0x000001dbfda0fec0 1590       1       java.lang.Character::isSurrogate (18 bytes)
Event: 4.519 Thread 0x000001dbfd7f12b0 1589       1       java.util.regex.Pattern::isSupplementary (21 bytes)
Event: 4.519 Thread 0x000001dbfda0fec0 nmethod 1590 0x000001dbf4ef9490 code [0x000001dbf4ef9620, 0x000001dbf4ef96f0]
Event: 4.520 Thread 0x000001dbfd7f12b0 nmethod 1589 0x000001dbf4ef9190 code [0x000001dbf4ef9320, 0x000001dbf4ef9420]
Event: 4.520 Thread 0x000001dbfda0fec0 1591       1       java.util.regex.Pattern::peek (26 bytes)
Event: 4.520 Thread 0x000001dbfd7f12b0 1592       1       sun.reflect.generics.repository.AbstractRepository::getFactory (5 bytes)
Event: 4.520 Thread 0x000001dbfd7f12b0 nmethod 1592 0x000001dbf4ef8e90 code [0x000001dbf4ef9020, 0x000001dbf4ef90e8]
Event: 4.520 Thread 0x000001dbfda0fec0 nmethod 1591 0x000001dbf4ef8a90 code [0x000001dbf4ef8c40, 0x000001dbf4ef8d78]

GC Heap History (9 events):
Event: 3.204 GC heap before
{Heap before GC invocations=0 (full 0):
 garbage-first heap   total 120832K, used 24576K [0x000000008a800000, 0x0000000100000000)
  region size 1024K, 23 young (23552K), 0 survivors (0K)
 Metaspace       used 5877K, committed 6144K, reserved 1114112K
  class space    used 788K, committed 960K, reserved 1048576K
}
Event: 4.135 GC heap after
{Heap after GC invocations=1 (full 0):
 garbage-first heap   total 120832K, used 6544K [0x000000008a800000, 0x0000000100000000)
  region size 1024K, 3 young (3072K), 3 survivors (3072K)
 Metaspace       used 5877K, committed 6144K, reserved 1114112K
  class space    used 788K, committed 960K, reserved 1048576K
}
Event: 4.205 GC heap before
{Heap before GC invocations=1 (full 0):
 garbage-first heap   total 120832K, used 8592K [0x000000008a800000, 0x0000000100000000)
  region size 1024K, 5 young (5120K), 3 survivors (3072K)
 Metaspace       used 6077K, committed 6336K, reserved 1114112K
  class space    used 824K, committed 960K, reserved 1048576K
}
Event: 4.215 GC heap after
{Heap after GC invocations=2 (full 0):
 garbage-first heap   total 120832K, used 7015K [0x000000008a800000, 0x0000000100000000)
  region size 1024K, 1 young (1024K), 1 survivors (1024K)
 Metaspace       used 6077K, committed 6336K, reserved 1114112K
  class space    used 824K, committed 960K, reserved 1048576K
}
Event: 4.378 GC heap before
{Heap before GC invocations=2 (full 0):
 garbage-first heap   total 120832K, used 10087K [0x000000008a800000, 0x0000000100000000)
  region size 1024K, 5 young (5120K), 1 survivors (1024K)
 Metaspace       used 7133K, committed 7360K, reserved 1114112K
  class space    used 996K, committed 1088K, reserved 1048576K
}
Event: 4.381 GC heap after
{Heap after GC invocations=3 (full 0):
 garbage-first heap   total 120832K, used 7196K [0x000000008a800000, 0x0000000100000000)
  region size 1024K, 1 young (1024K), 1 survivors (1024K)
 Metaspace       used 7133K, committed 7360K, reserved 1114112K
  class space    used 996K, committed 1088K, reserved 1048576K
}
Event: 4.448 GC heap before
{Heap before GC invocations=3 (full 0):
 garbage-first heap   total 120832K, used 11292K [0x000000008a800000, 0x0000000100000000)
  region size 1024K, 5 young (5120K), 1 survivors (1024K)
 Metaspace       used 8306K, committed 8640K, reserved 1114112K
  class space    used 1143K, committed 1280K, reserved 1048576K
}
Event: 4.450 GC heap after
{Heap after GC invocations=4 (full 0):
 garbage-first heap   total 120832K, used 7430K [0x000000008a800000, 0x0000000100000000)
  region size 1024K, 1 young (1024K), 1 survivors (1024K)
 Metaspace       used 8306K, committed 8640K, reserved 1114112K
  class space    used 1143K, committed 1280K, reserved 1048576K
}
Event: 4.524 GC heap before
{Heap before GC invocations=4 (full 0):
 garbage-first heap   total 120832K, used 11526K [0x000000008a800000, 0x0000000100000000)
  region size 1024K, 5 young (5120K), 1 survivors (1024K)
 Metaspace       used 9239K, committed 9472K, reserved 1114112K
  class space    used 1266K, committed 1344K, reserved 1048576K
}

Dll operation events (5 events):
Event: 0.015 Loaded shared library C:\Program Files\Java\jdk-21\bin\java.dll
Event: 0.373 Loaded shared library C:\Program Files\Java\jdk-21\bin\net.dll
Event: 0.378 Loaded shared library C:\Program Files\Java\jdk-21\bin\nio.dll
Event: 0.388 Loaded shared library C:\Program Files\Java\jdk-21\bin\zip.dll
Event: 1.590 Loaded shared library C:\Program Files\Java\jdk-21\bin\jimage.dll

Deoptimization events (0 events):
No events

Classes loaded (20 events):
Event: 4.482 Loading class java/lang/Deprecated
Event: 4.482 Loading class java/lang/Deprecated done
Event: 4.502 Loading class java/util/concurrent/Callable
Event: 4.502 Loading class java/util/OptionalDouble
Event: 4.502 Loading class java/util/concurrent/Callable done
Event: 4.503 Loading class java/util/OptionalDouble done
Event: 4.503 Loading class java/util/OptionalLong
Event: 4.503 Loading class java/util/OptionalLong done
Event: 4.509 Loading class java/time/ZonedDateTime$1
Event: 4.510 Loading class java/time/ZonedDateTime$1 done
Event: 4.518 Loading class java/lang/reflect/MalformedParameterizedTypeException
Event: 4.518 Loading class java/lang/reflect/MalformedParameterizedTypeException done
Event: 4.521 Loading class org/xml/sax/ErrorHandler
Event: 4.521 Loading class org/xml/sax/ErrorHandler done
Event: 4.521 Loading class org/xml/sax/SAXParseException
Event: 4.521 Loading class org/xml/sax/SAXParseException done
Event: 4.521 Loading class javax/xml/parsers/ParserConfigurationException
Event: 4.522 Loading class javax/xml/parsers/ParserConfigurationException done
Event: 4.522 Loading class org/xml/sax/EntityResolver
Event: 4.522 Loading class org/xml/sax/EntityResolver done

Classes unloaded (0 events):
No events

Classes redefined (0 events):
No events

Internal exceptions (20 events):
Event: 3.203 Thread 0x000001dbec6c1870 Exception <a 'java/lang/NoSuchMethodError'{0x00000000907fddd8}: 'int java.lang.invoke.DirectMethodHandle$Holder.invokeVirtual(java.lang.Object, java.lang.Object)'> (0x00000000907fddd8) 
thrown [s\open\src\hotspot\share\interpreter\linkResolver.cpp, line 773]
Event: 4.177 Thread 0x000001dbec6c1870 Exception <a 'java/lang/NoSuchMethodError'{0x0000000091ddc6b8}: 'java.lang.Object java.lang.invoke.DirectMethodHandle$Holder.invokeSpecial(java.lang.Object, java.lang.Object, java.lang.Object, int, java.lang.Object)'> (0x0000000091ddc6b8) 
thrown [s\open\src\hotspot\share\interpreter\linkResolver.cpp, line 773]
Event: 4.179 Thread 0x000001dbec6c1870 Exception <a 'java/lang/NoSuchMethodError'{0x0000000091de3fc8}: 'java.lang.Object java.lang.invoke.DirectMethodHandle$Holder.newInvokeSpecial(java.lang.Object, java.lang.Object, java.lang.Object, int, java.lang.Object)'> (0x0000000091de3fc8) 
thrown [s\open\src\hotspot\share\interpreter\linkResolver.cpp, line 773]
Event: 4.180 Thread 0x000001dbec6c1870 Exception <a 'java/lang/NoSuchMethodError'{0x0000000091deb460}: 'java.lang.Object java.lang.invoke.Invokers$Holder.linkToTargetMethod(java.lang.Object, java.lang.Object, int, java.lang.Object, java.lang.Object)'> (0x0000000091deb460) 
thrown [s\open\src\hotspot\share\interpreter\linkResolver.cpp, line 773]
Event: 4.183 Thread 0x000001dbec6c1870 Exception <a 'java/lang/NoSuchMethodError'{0x0000000091df8c80}: 'java.lang.Object java.lang.invoke.DirectMethodHandle$Holder.newInvokeSpecial(java.lang.Object, int, java.lang.Object)'> (0x0000000091df8c80) 
thrown [s\open\src\hotspot\share\interpreter\linkResolver.cpp, line 773]
Event: 4.183 Thread 0x000001dbec6c1870 Exception <a 'java/lang/NoSuchMethodError'{0x0000000091dfd688}: 'int java.lang.invoke.DirectMethodHandle$Holder.invokeSpecialIFC(java.lang.Object, java.lang.Object, java.lang.Object, java.lang.Object)'> (0x0000000091dfd688) 
thrown [s\open\src\hotspot\share\interpreter\linkResolver.cpp, line 773]
Event: 4.232 Thread 0x000001dbec6c1870 Exception <a 'java/lang/NoSuchMethodError'{0x0000000091d3b140}: 'void java.lang.invoke.DirectMethodHandle$Holder.invokeInterface(java.lang.Object, java.lang.Object, java.lang.Object)'> (0x0000000091d3b140) 
thrown [s\open\src\hotspot\share\interpreter\linkResolver.cpp, line 773]
Event: 4.263 Thread 0x000001dbec6c1870 Exception <a 'java/lang/NoSuchMethodError'{0x0000000091dc7ba8}: 'void java.lang.invoke.DirectMethodHandle$Holder.invokeStatic(java.lang.Object, java.lang.Object)'> (0x0000000091dc7ba8) 
thrown [s\open\src\hotspot\share\interpreter\linkResolver.cpp, line 773]
Event: 4.264 Thread 0x000001dbec6c1870 Exception <a 'java/lang/NoSuchMethodError'{0x0000000091dcb120}: 'void java.lang.invoke.DirectMethodHandle$Holder.invokeStaticInit(java.lang.Object, java.lang.Object)'> (0x0000000091dcb120) 
thrown [s\open\src\hotspot\share\interpreter\linkResolver.cpp, line 773]
Event: 4.268 Thread 0x000001dbec6c1870 Exception <a 'java/lang/NoSuchMethodError'{0x0000000091ddaa18}: 'void java.lang.invoke.DirectMethodHandle$Holder.invokeStaticInit(java.lang.Object, java.lang.Object, java.lang.Object)'> (0x0000000091ddaa18) 
thrown [s\open\src\hotspot\share\interpreter\linkResolver.cpp, line 773]
Event: 4.277 Thread 0x000001dbec6c1870 Exception <a 'java/lang/NoSuchMethodError'{0x0000000091c1dbe0}: 'java.lang.Object java.lang.invoke.DirectMethodHandle$Holder.invokeStatic(java.lang.Object, long, java.lang.Object)'> (0x0000000091c1dbe0) 
thrown [s\open\src\hotspot\share\interpreter\linkResolver.cpp, line 773]
Event: 4.277 Thread 0x000001dbec6c1870 Exception <a 'java/lang/NoSuchMethodError'{0x0000000091c21260}: 'java.lang.Object java.lang.invoke.DirectMethodHandle$Holder.invokeStaticInit(java.lang.Object, long, java.lang.Object)'> (0x0000000091c21260) 
thrown [s\open\src\hotspot\share\interpreter\linkResolver.cpp, line 773]
Event: 4.278 Thread 0x000001dbec6c1870 Exception <a 'java/lang/NoSuchMethodError'{0x0000000091c26a60}: 'java.lang.Object java.lang.invoke.DirectMethodHandle$Holder.newInvokeSpecial(java.lang.Object, long)'> (0x0000000091c26a60) 
thrown [s\open\src\hotspot\share\interpreter\linkResolver.cpp, line 773]
Event: 4.296 Thread 0x000001dbec6c1870 Exception <a 'java/lang/NoSuchMethodError'{0x0000000091c74250}: 'void java.lang.invoke.DirectMethodHandle$Holder.invokeSpecial(java.lang.Object, java.lang.Object, java.lang.Object, java.lang.Object, java.lang.Object)'> (0x0000000091c74250) 
thrown [s\open\src\hotspot\share\interpreter\linkResolver.cpp, line 773]
Event: 4.297 Thread 0x000001dbec6c1870 Exception <a 'java/lang/NoSuchMethodError'{0x0000000091c7ba98}: 'void java.lang.invoke.DirectMethodHandle$Holder.invokeVirtual(java.lang.Object, java.lang.Object, java.lang.Object, java.lang.Object)'> (0x0000000091c7ba98) 
thrown [s\open\src\hotspot\share\interpreter\linkResolver.cpp, line 773]
Event: 4.348 Thread 0x000001dbec6c1870 Exception <a 'java/lang/NoSuchMethodError'{0x0000000091ab5810}: 'void java.lang.invoke.DirectMethodHandle$Holder.invokeSpecial(java.lang.Object, java.lang.Object, java.lang.Object)'> (0x0000000091ab5810) 
thrown [s\open\src\hotspot\share\interpreter\linkResolver.cpp, line 773]
Event: 4.356 Thread 0x000001dbec6c1870 Exception <a 'java/lang/IncompatibleClassChangeError'{0x0000000091af73e0}: Found class java.lang.Object, but interface was expected> (0x0000000091af73e0) 
thrown [s\open\src\hotspot\share\interpreter\linkResolver.cpp, line 840]
Event: 4.365 Thread 0x000001dbec6c1870 Exception <a 'java/lang/NoSuchMethodError'{0x0000000091921e40}: 'java.lang.Object java.lang.invoke.DirectMethodHandle$Holder.invokeStaticInit(java.lang.Object, int)'> (0x0000000091921e40) 
thrown [s\open\src\hotspot\share\interpreter\linkResolver.cpp, line 773]
Event: 4.368 Thread 0x000001dbec6c1870 Exception <a 'java/lang/NoSuchMethodError'{0x00000000919803d8}: 'java.lang.Object java.lang.invoke.DirectMethodHandle$Holder.invokeStatic(java.lang.Object, int, java.lang.Object)'> (0x00000000919803d8) 
thrown [s\open\src\hotspot\share\interpreter\linkResolver.cpp, line 773]
Event: 4.368 Thread 0x000001dbec6c1870 Exception <a 'java/lang/NoSuchMethodError'{0x0000000091983a38}: 'java.lang.Object java.lang.invoke.DirectMethodHandle$Holder.invokeStaticInit(java.lang.Object, int, java.lang.Object)'> (0x0000000091983a38) 
thrown [s\open\src\hotspot\share\interpreter\linkResolver.cpp, line 773]

ZGC Phase Switch (0 events):
No events

VM Operations (20 events):
Event: 2.608 Executing VM operation: Cleanup done
Event: 2.890 Executing VM operation: HandshakeAllThreads (Deoptimize)
Event: 2.890 Executing VM operation: HandshakeAllThreads (Deoptimize) done
Event: 3.020 Executing VM operation: HandshakeAllThreads (Deoptimize)
Event: 3.020 Executing VM operation: HandshakeAllThreads (Deoptimize) done
Event: 3.202 Executing VM operation: HandshakeAllThreads (Deoptimize)
Event: 3.202 Executing VM operation: HandshakeAllThreads (Deoptimize) done
Event: 3.203 Executing VM operation: G1CollectForAllocation (G1 Evacuation Pause)
Event: 4.135 Executing VM operation: G1CollectForAllocation (G1 Evacuation Pause) done
Event: 4.204 Executing VM operation: G1CollectForAllocation (G1 Evacuation Pause)
Event: 4.215 Executing VM operation: G1CollectForAllocation (G1 Evacuation Pause) done
Event: 4.339 Executing VM operation: HandshakeAllThreads (Deoptimize)
Event: 4.339 Executing VM operation: HandshakeAllThreads (Deoptimize) done
Event: 4.344 Executing VM operation: HandshakeAllThreads (Deoptimize)
Event: 4.344 Executing VM operation: HandshakeAllThreads (Deoptimize) done
Event: 4.378 Executing VM operation: G1CollectForAllocation (G1 Evacuation Pause)
Event: 4.381 Executing VM operation: G1CollectForAllocation (G1 Evacuation Pause) done
Event: 4.448 Executing VM operation: G1CollectForAllocation (G1 Evacuation Pause)
Event: 4.450 Executing VM operation: G1CollectForAllocation (G1 Evacuation Pause) done
Event: 4.524 Executing VM operation: G1CollectForAllocation (G1 Evacuation Pause)

Events (16 events):
Event: 0.054 Thread 0x000001dbec6c1870 Thread added: 0x000001dbec6c1870
Event: 0.079 Thread 0x000001dbfd7c71c0 Thread added: 0x000001dbfd7c71c0
Event: 0.079 Thread 0x000001dbfd7c7c20 Thread added: 0x000001dbfd7c7c20
Event: 0.080 Thread 0x000001dbfd7d3420 Thread added: 0x000001dbfd7d3420
Event: 0.080 Thread 0x000001dbfd7d0ea0 Thread added: 0x000001dbfd7d0ea0
Event: 0.080 Thread 0x000001dbfd7cf460 Thread added: 0x000001dbfd7cf460
Event: 0.080 Thread 0x000001dbfd7cfaf0 Thread added: 0x000001dbfd7cfaf0
Event: 0.080 Thread 0x000001dbfd7f12b0 Thread added: 0x000001dbfd7f12b0
Event: 0.356 Thread 0x000001dbfda0fec0 Thread added: 0x000001dbfda0fec0
Event: 0.359 Thread 0x000001dbfd7d1bc0 Thread added: 0x000001dbfd7d1bc0
Event: 0.364 Thread 0x000001dbfd7d2250 Thread added: 0x000001dbfd7d2250
Event: 1.696 Thread 0x000001dbfde35a50 Thread added: 0x000001dbfde35a50
Event: 2.804 Thread 0x000001dbfde35a50 Thread exited: 0x000001dbfde35a50
Event: 3.011 Thread 0x000001dbfe110400 Thread added: 0x000001dbfe110400
Event: 4.136 Thread 0x000001dbfe110400 Thread exited: 0x000001dbfe110400
Event: 4.353 Thread 0x000001dbfd7d28e0 Thread added: 0x000001dbfd7d28e0


Dynamic libraries:
0x00007ff7b54e0000 - 0x00007ff7b54f0000 	C:\Program Files\Java\jdk-21\bin\java.exe
0x00007ffb65280000 - 0x00007ffb654e7000 	C:\WINDOWS\SYSTEM32\ntdll.dll
0x00007ffb63a20000 - 0x00007ffb63ae9000 	C:\WINDOWS\System32\KERNEL32.DLL
0x00007ffb623d0000 - 0x00007ffb627bf000 	C:\WINDOWS\System32\KERNELBASE.dll
0x00007ffb62880000 - 0x00007ffb629cb000 	C:\WINDOWS\System32\ucrtbase.dll
0x00007ffb45030000 - 0x00007ffb45049000 	C:\Program Files\Java\jdk-21\bin\jli.dll
0x00007ffb45120000 - 0x00007ffb4513b000 	C:\Program Files\Java\jdk-21\bin\VCRUNTIME140.dll
0x00007ffb63120000 - 0x00007ffb631d4000 	C:\WINDOWS\System32\ADVAPI32.dll
0x00007ffb64850000 - 0x00007ffb648f9000 	C:\WINDOWS\System32\msvcrt.dll
0x00007ffb63470000 - 0x00007ffb63516000 	C:\WINDOWS\System32\sechost.dll
0x00007ffb64590000 - 0x00007ffb646a8000 	C:\WINDOWS\System32\RPCRT4.dll
0x00007ffb64250000 - 0x00007ffb64415000 	C:\WINDOWS\System32\USER32.dll
0x00007ffb48180000 - 0x00007ffb48413000 	C:\WINDOWS\WinSxS\amd64_microsoft.windows.common-controls_6595b64144ccf1df_6.0.26100.7309_none_3e05feeae336a044\COMCTL32.dll
0x00007ffb62bb0000 - 0x00007ffb62bd7000 	C:\WINDOWS\System32\win32u.dll
0x00007ffb651e0000 - 0x00007ffb6520b000 	C:\WINDOWS\System32\GDI32.dll
0x00007ffb629d0000 - 0x00007ffb62afc000 	C:\WINDOWS\System32\gdi32full.dll
0x00007ffb62b00000 - 0x00007ffb62ba3000 	C:\WINDOWS\System32\msvcp_win.dll
0x00007ffb5fd00000 - 0x00007ffb5fd0b000 	C:\WINDOWS\SYSTEM32\VERSION.dll
0x00007ffb63420000 - 0x00007ffb63451000 	C:\WINDOWS\System32\IMM32.DLL
0x00007ffb3c820000 - 0x00007ffb3c912000 	C:\Program Files\Windhawk\Engine\1.6\64\windhawk.dll
0x00007ffb5cf10000 - 0x00007ffb5cf1c000 	C:\Program Files\Java\jdk-21\bin\vcruntime140_1.dll
0x00007ffb32490000 - 0x00007ffb3251e000 	C:\Program Files\Java\jdk-21\bin\msvcp140.dll
0x00007ffad2d50000 - 0x00007ffad3a6d000 	C:\Program Files\Java\jdk-21\bin\server\jvm.dll
0x00007ffb63520000 - 0x00007ffb63594000 	C:\WINDOWS\System32\WS2_32.dll
0x00007ffb62230000 - 0x00007ffb6228e000 	C:\WINDOWS\SYSTEM32\POWRPROF.dll
0x00007ffb5aae0000 - 0x00007ffb5ab15000 	C:\WINDOWS\SYSTEM32\WINMM.dll
0x00007ffb62210000 - 0x00007ffb62224000 	C:\WINDOWS\SYSTEM32\UMPDC.dll
0x00007ffb61180000 - 0x00007ffb6119b000 	C:\WINDOWS\SYSTEM32\kernel.appcore.dll
0x00007ffb574d0000 - 0x00007ffb574da000 	C:\Program Files\Java\jdk-21\bin\jimage.dll
0x00007ffb547e0000 - 0x00007ffb54a22000 	C:\WINDOWS\SYSTEM32\DBGHELP.DLL
0x00007ffb63680000 - 0x00007ffb63a05000 	C:\WINDOWS\System32\combase.dll
0x00007ffb63240000 - 0x00007ffb63316000 	C:\WINDOWS\System32\OLEAUT32.dll
0x00007ffb40860000 - 0x00007ffb4089c000 	C:\WINDOWS\SYSTEM32\dbgcore.DLL
0x00007ffb627d0000 - 0x00007ffb62875000 	C:\WINDOWS\System32\bcryptPrimitives.dll
0x00007ffb44fb0000 - 0x00007ffb44fcf000 	C:\Program Files\Java\jdk-21\bin\java.dll
0x00007ffb63af0000 - 0x00007ffb64243000 	C:\WINDOWS\System32\SHELL32.dll
0x00007ffb62df0000 - 0x00007ffb62f5a000 	C:\WINDOWS\System32\wintypes.dll
0x00007ffb5ffb0000 - 0x00007ffb6080e000 	C:\WINDOWS\SYSTEM32\windows.storage.dll
0x00007ffb63020000 - 0x00007ffb63115000 	C:\WINDOWS\System32\SHCORE.dll
0x00007ffb65170000 - 0x00007ffb651d6000 	C:\WINDOWS\System32\shlwapi.dll
0x00007ffb622f0000 - 0x00007ffb62319000 	C:\WINDOWS\SYSTEM32\profapi.dll
0x00007ffb52610000 - 0x00007ffb52620000 	C:\Program Files\Java\jdk-21\bin\net.dll
0x00007ffb5b3c0000 - 0x00007ffb5b4e8000 	C:\WINDOWS\SYSTEM32\WINHTTP.dll
0x00007ffb616f0000 - 0x00007ffb6175b000 	C:\WINDOWS\system32\mswsock.dll
0x00007ffb44c10000 - 0x00007ffb44c26000 	C:\Program Files\Java\jdk-21\bin\nio.dll
0x00007ffb44f90000 - 0x00007ffb44fa8000 	C:\Program Files\Java\jdk-21\bin\zip.dll

dbghelp: loaded successfully - version: 4.0.5 - missing functions: none
symbol engine: initialized successfully - sym options: 0x614 - pdb path: .;C:\Program Files\Java\jdk-21\bin;C:\WINDOWS\SYSTEM32;C:\WINDOWS\WinSxS\amd64_microsoft.windows.common-controls_6595b64144ccf1df_6.0.26100.7309_none_3e05feeae336a044;C:\Program Files\Windhawk\Engine\1.6\64;C:\Program Files\Java\jdk-21\bin\server

VM Arguments:
jvm_args: -XX:TieredStopAtLevel=1 
java_command: com.grocerase.GrocerEaseApplication
java_class_path (initial): C:\Users\aniru\Downloads\GrocerEase-AGrocery-Delivery-Web-App-main\GrocerEase-AGrocery-Delivery-Web-App-main\backend-spring\target\classes;C:\Users\aniru\.m2\repository\org\springframework\boot\spring-boot\3.2.0\spring-boot-3.2.0.jar;C:\Users\aniru\.m2\repository\org\springframework\boot\spring-boot-autoconfigure\3.2.0\spring-boot-autoconfigure-3.2.0.jar;C:\Users\aniru\.m2\repository\ch\qos\logback\logback-classic\1.4.11\logback-classic-1.4.11.jar;C:\Users\aniru\.m2\repository\ch\qos\logback\logback-core\1.4.11\logback-core-1.4.11.jar;C:\Users\aniru\.m2\repository\org\apache\logging\log4j\log4j-to-slf4j\2.21.1\log4j-to-slf4j-2.21.1.jar;C:\Users\aniru\.m2\repository\org\apache\logging\log4j\log4j-api\2.21.1\log4j-api-2.21.1.jar;C:\Users\aniru\.m2\repository\org\slf4j\jul-to-slf4j\2.0.9\jul-to-slf4j-2.0.9.jar;C:\Users\aniru\.m2\repository\jakarta\annotation\jakarta.annotation-api\2.1.1\jakarta.annotation-api-2.1.1.jar;C:\Users\aniru\.m2\repository\org\yaml\snakeyaml\2.2\snakeyaml-2.2.jar;C:\Users\aniru\.m2\repository\com\fasterxml\jackson\datatype\jackson-datatype-jdk8\2.15.3\jackson-datatype-jdk8-2.15.3.jar;C:\Users\aniru\.m2\repository\com\fasterxml\jackson\datatype\jackson-datatype-jsr310\2.15.3\jackson-datatype-jsr310-2.15.3.jar;C:\Users\aniru\.m2\repository\com\fasterxml\jackson\module\jackson-module-parameter-names\2.15.3\jackson-module-parameter-names-2.15.3.jar;C:\Users\aniru\.m2\repository\org\apache\tomcat\embed\tomcat-embed-core\10.1.16\tomcat-embed-core-10.1.16.jar;C:\Users\aniru\.m2\repository\org\apache\tomcat\embed\tomcat-embed-websocket\10.1.16\tomcat-embed-websocket-10.1.16.jar;C:\Users\aniru\.m2\repository\org\springframework\spring-web\6.1.1\spring-web-6.1.1.jar;C:\Users\aniru\.m2\repository\org\springframework\spring-beans\6.1.1\spring-beans-6.1.1.jar;C:\Users\aniru\.m2\repository\io\micrometer\micrometer-observation\1.12.0\micrometer-observation-1.12.0.jar;C:\Users\aniru\.m2\repository\io\micrometer\micrometer-commons\1.12.0\micrometer-commons-1.12.0.jar;C:\Users\aniru\.m2\repository\org\springframework\spring-webmvc\6.1.1\spring-webmvc-6.1.1.jar;C:\Users\aniru\.m2\repository\org\springframework\spring-context\6.1.1\spring-context-6.1.1.jar;C:\Users\aniru\.m2\repository\org\springframework\spring-expression\6.1.1\spring-expression-6.1.1.jar;C:\Users\aniru\.m2\repository\org\mongodb\mongodb-driver-sync\4.11.1\mongodb-driver-sync-4.11.1.jar;C:\Users\aniru\.m2\repository\org\mongodb\bson\4.11.1\bson-4.11.1.jar;C:\Users\aniru\.m2\repository\org\mongodb\mongodb-driver-core\4.11.1\mongodb-driver-core-4.11.1.jar;C:\Users\aniru\.m2\repository\org\mongodb\bson-record-codec\4.11.1\bson-record-codec-4.11.1.jar;C:\Users\aniru\.m2\repository\org\springframework\data\spring-data-mongodb\4.2.0\spring-data-mongodb-4.2.0.jar;C:\Users\aniru\.m2\repository\org\springframework\spring-tx\6.1.1\spring-tx-6.1.1.jar;C:\Users\aniru\.m2\repository\org\springframework\data\spring-data-commons\3.2.0\spring-data-commons-3.2.0.jar;C:\Users\aniru\.m2\repository\org\slf4j\slf4j-api\2.0.9\slf4j-api-2.0.9.jar;C:\Users\aniru\.m2\repository\org\springframework\spring-aop\6.1.1\spring-aop-6.1.1.jar;C:\Users\aniru\.m2\repository\org\springframework\security\spring-security-config\6.2.0\spring-security-config-6.2.0.jar;C:\Users\aniru\.m2\repository\org\springframework\security\spring-security-web\6.2.0\spring-security-web-6.2.0.jar;C:\Users\aniru\.m2\repository\org\apache\tomcat\embed\tomcat-embed-el\10.1.16\tomcat-embed-el-10.1.16.jar;C:\Users\aniru\.m2\repository\org\hibernate\validator\hibernate-validator\8.0.1.Final\hibernate-validator-8.0.1.Final.jar;C:\Users\aniru\.m2\repository\jakarta\validation\jakarta.validation-api\3.0.2\jakarta.validation-api-3.0.2.jar;C:\Users\aniru\.m2\repository\org\jboss\logging\jboss-logging\3.5.3.Final\jboss-logging-3.5.3.Final.jar;C:\Users\aniru\.m2\repository\com\fasterxml\classmate\1.6.0\classmate-1.6.0.jar;C:\Users\aniru\.m2\repository\io\jsonwebtoken\jjwt-api\0.11.5\jjwt-api-0.11.5.jar;C:\Users\aniru\.m2\repository\io\jsonwebtoken\jjwt-impl\0.11.5\jjwt-impl-0.11.5.jar;C:\Users\aniru\.m2\repository\io\jsonwebtoken\jjwt-jackson\0.11.5\jjwt-jackson-0.11.5.jar;C:\Users\aniru\.m2\repository\com\fasterxml\jackson\core\jackson-databind\2.15.3\jackson-databind-2.15.3.jar;C:\Users\aniru\.m2\repository\com\fasterxml\jackson\core\jackson-annotations\2.15.3\jackson-annotations-2.15.3.jar;C:\Users\aniru\.m2\repository\com\fasterxml\jackson\core\jackson-core\2.15.3\jackson-core-2.15.3.jar;C:\Users\aniru\.m2\repository\com\stripe\stripe-java\23.0.0\stripe-java-23.0.0.jar;C:\Users\aniru\.m2\repository\com\google\code\gson\gson\2.10.1\gson-2.10.1.jar;C:\Users\aniru\.m2\repository\commons-fileupload\commons-fileupload\1.5\commons-fileupload-1.5.jar;C:\Users\aniru\.m2\repository\commons-io\commons-io\2.11.0\commons-io-2.11.0.jar;C:\Users\aniru\.m2\repository\org\springframework\spring-core\6.1.1\spring-core-6.1.1.jar;C:\Users\aniru\.m2\repository\org\springframework\spring-jcl\6.1.1\spring-jcl-6.1.1.jar;C:\Users\aniru\.m2\repository\org\springframework\security\spring-security-core\6.2.0\spring-security-core-6.2.0.jar;C:\Users\aniru\.m2\repository\org\springframework\security\spring-security-crypto\6.2.0\spring-security-crypto-6.2.0.jar
Launcher Type: SUN_STANDARD

[Global flags]
     intx CICompilerCount                          = 4                                         {product} {ergonomic}
     uint ConcGCThreads                            = 3                                         {product} {ergonomic}
     uint G1ConcRefinementThreads                  = 10                                        {product} {ergonomic}
   size_t G1HeapRegionSize                         = 1048576                                   {product} {ergonomic}
    uintx GCDrainStackTargetSize                   = 64                                        {product} {ergonomic}
   size_t InitialHeapSize                          = 123731968                                 {product} {ergonomic}
   size_t MarkStackSize                            = 4194304                                   {product} {ergonomic}
   size_t MaxHeapSize                              = 1971322880                                {product} {ergonomic}
   size_t MaxNewSize                               = 1182793728                                {product} {ergonomic}
   size_t MinHeapDeltaBytes                        = 1048576                                   {product} {ergonomic}
   size_t MinHeapSize                              = 8388608                                   {product} {ergonomic}
    uintx NonNMethodCodeHeapSize                   = 4096                                   {pd product} {ergonomic}
    uintx NonProfiledCodeHeapSize                  = 0                                      {pd product} {ergonomic}
     bool ProfileInterpreter                       = false                                  {pd product} {command line}
    uintx ProfiledCodeHeapSize                     = 0                                      {pd product} {ergonomic}
   size_t SoftMaxHeapSize                          = 1971322880                             {manageable} {ergonomic}
     intx TieredStopAtLevel                        = 1                                         {product} {command line}
     bool UseCompressedOops                        = true                           {product lp64_product} {ergonomic}
     bool UseG1GC                                  = true                                      {product} {ergonomic}
     bool UseLargePagesIndividualAllocation        = false                                  {pd product} {ergonomic}

Logging:
Log output configuration:
 #0: stdout all=warning uptime,level,tags foldmultilines=false
 #1: stderr all=off uptime,level,tags foldmultilines=false

Environment Variables:
PATH=C:\Program Files\Common Files\Oracle\Java\javapath;C:\Python313\Scripts\;C:\Python313\;C:\oraclexe\app\oracle\product\11.2.0\server\bin;C:\Users\aniru\Downloads\WINDOWS.X64_193000_db_home\bin;C:\app\aniru\product\21c\dbhomeXE\bin;C:\Python312\Scripts\;C:\Python312\;C:\windows\system32;C:\windows;C:\windows\System32\Wbem;C:\windows\System32\WindowsPowerShell\v1.0\;C:\windows\System32\OpenSSH\;C:\Program Files\HP\HP One Agent;C:\ProgramData\chocolatey\bin;C:\WINDOWS\system32;C:\WINDOWS;C:\WINDOWS\System32\Wbem;C:\WINDOWS\System32\WindowsPowerShell\v1.0\;C:\WINDOWS\System32\OpenSSH\;C:\Program Files\nodejs\;C:\Program Files\MongoDB\Server\8.0\bin;C:\Program Files\Git\cmd;C:\Program Files\Java\jdk-21\bin;C:\Program Files\mongodb-windows-x86_64-8.2.3\bin;c:\Users\aniru\AppData\Local\Programs\Trae\bin;C:\Program Files\MySQL\MySQL Shell 8.0\bin\;C:\Users\aniru\AppData\Local\Microsoft\WindowsApps;C:\Users\aniru\AppData\Local\Programs\Microsoft VS Code\bin;C:\Users\aniru\AppData\Roaming\npm;C:\Users\aniru\AppData\Local\Microsoft\WinGet\Packages\Schniz.fnm_Microsoft.Winget.Source_8wekyb3d8bbwe;C:\Program Files\mongosh\;C:\Users\aniru\AppData\Local\Programs\Windsurf\bin;C:\Program Files\Java\jdk-21\bin;c:\Users\aniru\.windsurf\extensions\vscjava.vscode-java-debug-0.58.5-universal\bundled\scripts\noConfigScripts
USERNAME=aniru
LANG=en_US.UTF-8
OS=Windows_NT
PROCESSOR_IDENTIFIER=AMD64 Family 25 Model 80 Stepping 0, AuthenticAMD
TMP=C:\Users\aniru\AppData\Local\Temp
TEMP=C:\Users\aniru\AppData\Local\Temp




Periodic native trim disabled

---------------  S Y S T E M  ---------------

OS:
 Windows 11 , 64 bit Build 26100 (10.0.26100.7309)
OS uptime: 0 days 1:10 hours
Hyper-V role detected

CPU: total 12 (initial active 12) (12 cores per cpu, 2 threads per core) family 25 model 80 stepping 0 microcode 0xa50000f, cx8, cmov, fxsr, ht, mmx, 3dnowpref, sse, sse2, sse3, ssse3, sse4a, sse4.1, sse4.2, popcnt, lzcnt, tsc, tscinvbit, avx, avx2, aes, erms, clmul, bmi1, bmi2, adx, sha, fma, vzeroupper, clflush, clflushopt, hv, rdtscp, rdpid, fsrm, f16c, cet_ss
Processor Information for processor 0
  Max Mhz: 3301, Current Mhz: 3301, Mhz Limit: 3301
Processor Information for processor 1
  Max Mhz: 3301, Current Mhz: 2011, Mhz Limit: 3301
Processor Information for processor 2
  Max Mhz: 3301, Current Mhz: 2011, Mhz Limit: 3301
Processor Information for processor 3
  Max Mhz: 3301, Current Mhz: 3301, Mhz Limit: 3301
Processor Information for processor 4
  Max Mhz: 3301, Current Mhz: 3301, Mhz Limit: 3301
Processor Information for processor 5
  Max Mhz: 3301, Current Mhz: 3301, Mhz Limit: 3301
Processor Information for processor 6
  Max Mhz: 3301, Current Mhz: 3301, Mhz Limit: 3301
Processor Information for processor 7
  Max Mhz: 3301, Current Mhz: 3301, Mhz Limit: 3301
Processor Information for processor 8
  Max Mhz: 3301, Current Mhz: 3301, Mhz Limit: 3301
Processor Information for processor 9
  Max Mhz: 3301, Current Mhz: 3301, Mhz Limit: 3301
Processor Information for processor 10
  Max Mhz: 3301, Current Mhz: 3301, Mhz Limit: 3301
Processor Information for processor 11
  Max Mhz: 3301, Current Mhz: 3301, Mhz Limit: 3301

Memory: 4k page, system-wide physical 7518M (387M free)
TotalPageFile size 31070M (AvailPageFile size 84M)
current process WorkingSet (physical memory assigned to process): 86M, peak: 89M
current process commit charge ("private bytes"): 216M, peak: 336M

vm_info: Java HotSpot(TM) 64-Bit Server VM (21.0.9+7-LTS-338) for windows-amd64 JRE (21.0.9+7-LTS-338), built on 2025-09-26T06:33:49Z by "mach5run" with MS VC++ 17.6 (VS2022)

END.
